<?xml version="1.0" encoding="UTF-8"?>
<!-- Generated by org.testng.reporters.JUnitReportReporter -->
<testsuite hostname="mindc1d359" failures="0" tests="1" name="Mindtree.MyProject.TestCaseAddToCart03" time="39.662" errors="0" timestamp="2022-05-21T23:40:45 IST" skipped="0">
  <testcase classname="Mindtree.MyProject.TestCaseAddToCart03" name="Test3" time="39.662"/>
  <system-out/>
</testsuite> <!-- Mindtree.MyProject.TestCaseAddToCart03 -->
