<?xml version="1.0" encoding="UTF-8"?>
<!-- Generated by org.testng.reporters.JUnitReportReporter -->
<testsuite hostname="mindc1d359" failures="0" tests="1" name="Mindtree.MyProject.TestCaseLogIn01" time="15.824" errors="0" timestamp="2022-05-21T23:40:45 IST" skipped="0">
  <testcase classname="Mindtree.MyProject.TestCaseLogIn01" name="Test1" time="15.824"/>
  <system-out/>
</testsuite> <!-- Mindtree.MyProject.TestCaseLogIn01 -->
